# JRE version: Java(TM) SE Runtime Environment (17.0.7+8) (build 17.0.7+8-LTS-224)
# Java VM: Java HotSpot(TM) 64-Bit Server VM (17.0.7+8-LTS-224, mixed mode, sharing, tiered, compressed oops, compressed class ptrs, g1 gc, windows-amd64)
GC Precious Log:
 CPUs: 8 total, 8 available
 Memory: 3863M
 Large Page Support: Disabled
 NUMA Support: Disabled
 Compressed Oops: Enabled (32-bit)
 Heap Region Size: 1M
 Heap Min Capacity: 8M
 Heap Initial Capacity: 62M
 Heap Max Capacity: 966M
 Pre-touch: Disabled
 Parallel Workers: 8
 Concurrent Workers: 2
 Concurrent Refinement Workers: 8
 Periodic GC: Disabled
Heap:
 garbage-first heap   total 40960K, used 24466K [0x00000000c3a00000, 0x0000000100000000)
  region size 1024K, 13 young (13312K), 2 survivors (2048K)
 Metaspace       used 29862K, committed 30272K, reserved 1081344K
  class space    used 3725K, committed 3904K, reserved 1048576K
GC Heap History (14 events):
Event: 1.336 GC heap before
{Heap before GC invocations=0 (full 0):
 garbage-first heap   total 63488K, used 22528K [0x00000000c3a00000, 0x0000000100000000)
  region size 1024K, 23 young (23552K), 0 survivors (0K)
 Metaspace       used 6779K, committed 6976K, reserved 1056768K
  class space    used 795K, committed 896K, reserved 1048576K
}
Event: 1.342 GC heap after
{Heap after GC invocations=1 (full 0):
 garbage-first heap   total 63488K, used 4574K [0x00000000c3a00000, 0x0000000100000000)
  region size 1024K, 3 young (3072K), 3 survivors (3072K)
 Metaspace       used 6779K, committed 6976K, reserved 1056768K
  class space    used 795K, committed 896K, reserved 1048576K
}
Event: 1.880 GC heap before
{Heap before GC invocations=1 (full 0):
 garbage-first heap   total 63488K, used 29150K [0x00000000c3a00000, 0x0000000100000000)
  region size 1024K, 28 young (28672K), 3 survivors (3072K)
 Metaspace       used 13231K, committed 13440K, reserved 1064960K
  class space    used 1597K, committed 1728K, reserved 1048576K
}
Event: 1.885 GC heap after
{Heap after GC invocations=2 (full 0):
 garbage-first heap   total 63488K, used 6815K [0x00000000c3a00000, 0x0000000100000000)
  region size 1024K, 2 young (2048K), 2 survivors (2048K)
 Metaspace       used 13231K, committed 13440K, reserved 1064960K
  class space    used 1597K, committed 1728K, reserved 1048576K
}
Event: 3.487 GC heap before
{Heap before GC invocations=2 (full 0):
 garbage-first heap   total 63488K, used 38559K [0x00000000c3a00000, 0x0000000100000000)
  region size 1024K, 33 young (33792K), 2 survivors (2048K)
 Metaspace       used 18361K, committed 18624K, reserved 1064960K
  class space    used 2264K, committed 2368K, reserved 1048576K
}
Event: 3.493 GC heap after
{Heap after GC invocations=3 (full 0):
 garbage-first heap   total 63488K, used 8863K [0x00000000c3a00000, 0x0000000100000000)
  region size 1024K, 4 young (4096K), 4 survivors (4096K)
 Metaspace       used 18361K, committed 18624K, reserved 1064960K
  class space    used 2264K, committed 2368K, reserved 1048576K
}
Event: 5.386 GC heap before
{Heap before GC invocations=3 (full 0):
 garbage-first heap   total 63488K, used 21151K [0x00000000c3a00000, 0x0000000100000000)
  region size 1024K, 17 young (17408K), 4 survivors (4096K)
 Metaspace       used 21175K, committed 21504K, reserved 1073152K
  class space    used 2664K, committed 2816K, reserved 1048576K
}
Event: 5.392 GC heap after
{Heap after GC invocations=4 (full 0):
 garbage-first heap   total 63488K, used 10136K [0x00000000c3a00000, 0x0000000100000000)
  region size 1024K, 4 young (4096K), 4 survivors (4096K)
 Metaspace       used 21175K, committed 21504K, reserved 1073152K
  class space    used 2664K, committed 2816K, reserved 1048576K
}
Event: 6.859 GC heap before
{Heap before GC invocations=5 (full 0):
 garbage-first heap   total 40960K, used 30616K [0x00000000c3a00000, 0x0000000100000000)
  region size 1024K, 24 young (24576K), 4 survivors (4096K)
 Metaspace       used 25369K, committed 25792K, reserved 1073152K
  class space    used 3182K, committed 3392K, reserved 1048576K
}
Event: 6.866 GC heap after
{Heap after GC invocations=6 (full 0):
 garbage-first heap   total 40960K, used 12663K [0x00000000c3a00000, 0x0000000100000000)
  region size 1024K, 3 young (3072K), 3 survivors (3072K)
 Metaspace       used 25369K, committed 25792K, reserved 1073152K
  class space    used 3182K, committed 3392K, reserved 1048576K
}
Event: 6.931 GC heap before
{Heap before GC invocations=6 (full 0):
 garbage-first heap   total 40960K, used 13687K [0x00000000c3a00000, 0x0000000100000000)
  region size 1024K, 4 young (4096K), 3 survivors (3072K)
 Metaspace       used 25617K, committed 25984K, reserved 1073152K
  class space    used 3211K, committed 3392K, reserved 1048576K
}
Event: 6.936 GC heap after
{Heap after GC invocations=7 (full 0):
 garbage-first heap   total 40960K, used 13215K [0x00000000c3a00000, 0x0000000100000000)
  region size 1024K, 1 young (1024K), 1 survivors (1024K)
 Metaspace       used 25617K, committed 25984K, reserved 1073152K
  class space    used 3211K, committed 3392K, reserved 1048576K
}
Event: 54.937 GC heap before
{Heap before GC invocations=7 (full 0):
 garbage-first heap   total 40960K, used 29599K [0x00000000c3a00000, 0x0000000100000000)
  region size 1024K, 17 young (17408K), 1 survivors (1024K)
 Metaspace       used 29083K, committed 29504K, reserved 1081344K
  class space    used 3662K, committed 3840K, reserved 1048576K
}
Event: 54.945 GC heap after
{Heap after GC invocations=8 (full 0):
 garbage-first heap   total 40960K, used 14226K [0x00000000c3a00000, 0x0000000100000000)
  region size 1024K, 2 young (2048K), 2 survivors (2048K)
 Metaspace       used 29083K, committed 29504K, reserved 1081344K
  class space    used 3662K, committed 3840K, reserved 1048576K
}

