# JRE version: Java(TM) SE Runtime Environment (17.0.7+8) (build 17.0.7+8-LTS-224)
# Java VM: Java HotSpot(TM) 64-Bit Server VM (17.0.7+8-LTS-224, mixed mode, sharing, tiered, compressed oops, compressed class ptrs, g1 gc, windows-amd64)
GC Precious Log:
 CPUs: 8 total, 8 available
 Memory: 3863M
 Large Page Support: Disabled
 NUMA Support: Disabled
 Compressed Oops: Enabled (32-bit)
 Heap Region Size: 1M
 Heap Min Capacity: 8M
 Heap Initial Capacity: 62M
 Heap Max Capacity: 966M
 Pre-touch: Disabled
 Parallel Workers: 8
 Concurrent Workers: 2
 Concurrent Refinement Workers: 8
 Periodic GC: Disabled
Heap:
 garbage-first heap   total 40960K, used 27117K [0x00000000c3a00000, 0x0000000100000000)
  region size 1024K, 9 young (9216K), 2 survivors (2048K)
 Metaspace       used 44848K, committed 45376K, reserved 1089536K
  class space    used 5772K, committed 6016K, reserved 1048576K
GC Heap History (20 events):
Event: 4.226 GC heap before
{Heap before GC invocations=2 (full 0):
 garbage-first heap   total 63488K, used 34901K [0x00000000c3a00000, 0x0000000100000000)
  region size 1024K, 31 young (31744K), 3 survivors (3072K)
 Metaspace       used 17278K, committed 17536K, reserved 1064960K
  class space    used 2124K, committed 2240K, reserved 1048576K
}
Event: 4.234 GC heap after
{Heap after GC invocations=3 (full 0):
 garbage-first heap   total 63488K, used 8972K [0x00000000c3a00000, 0x0000000100000000)
  region size 1024K, 4 young (4096K), 4 survivors (4096K)
 Metaspace       used 17278K, committed 17536K, reserved 1064960K
  class space    used 2124K, committed 2240K, reserved 1048576K
}
Event: 5.165 GC heap before
{Heap before GC invocations=3 (full 0):
 garbage-first heap   total 63488K, used 28428K [0x00000000c3a00000, 0x0000000100000000)
  region size 1024K, 25 young (25600K), 4 survivors (4096K)
 Metaspace       used 21207K, committed 21504K, reserved 1073152K
  class space    used 2663K, committed 2816K, reserved 1048576K
}
Event: 5.171 GC heap after
{Heap after GC invocations=4 (full 0):
 garbage-first heap   total 63488K, used 10870K [0x00000000c3a00000, 0x0000000100000000)
  region size 1024K, 4 young (4096K), 4 survivors (4096K)
 Metaspace       used 21207K, committed 21504K, reserved 1073152K
  class space    used 2663K, committed 2816K, reserved 1048576K
}
Event: 5.816 GC heap before
{Heap before GC invocations=5 (full 0):
 garbage-first heap   total 40960K, used 31350K [0x00000000c3a00000, 0x0000000100000000)
  region size 1024K, 25 young (25600K), 4 survivors (4096K)
 Metaspace       used 24524K, committed 24896K, reserved 1073152K
  class space    used 3101K, committed 3264K, reserved 1048576K
}
Event: 5.822 GC heap after
{Heap after GC invocations=6 (full 0):
 garbage-first heap   total 40960K, used 12457K [0x00000000c3a00000, 0x0000000100000000)
  region size 1024K, 4 young (4096K), 4 survivors (4096K)
 Metaspace       used 24524K, committed 24896K, reserved 1073152K
  class space    used 3101K, committed 3264K, reserved 1048576K
}
Event: 6.475 GC heap before
{Heap before GC invocations=6 (full 0):
 garbage-first heap   total 40960K, used 29865K [0x00000000c3a00000, 0x0000000100000000)
  region size 1024K, 21 young (21504K), 4 survivors (4096K)
 Metaspace       used 28611K, committed 29056K, reserved 1081344K
  class space    used 3640K, committed 3840K, reserved 1048576K
}
Event: 6.479 GC heap after
{Heap after GC invocations=7 (full 0):
 garbage-first heap   total 40960K, used 14070K [0x00000000c3a00000, 0x0000000100000000)
  region size 1024K, 2 young (2048K), 2 survivors (2048K)
 Metaspace       used 28611K, committed 29056K, reserved 1081344K
  class space    used 3640K, committed 3840K, reserved 1048576K
}
Event: 6.810 GC heap before
{Heap before GC invocations=7 (full 0):
 garbage-first heap   total 40960K, used 29430K [0x00000000c3a00000, 0x0000000100000000)
  region size 1024K, 18 young (18432K), 2 survivors (2048K)
 Metaspace       used 32642K, committed 33152K, reserved 1081344K
  class space    used 4194K, committed 4416K, reserved 1048576K
}
Event: 6.814 GC heap after
{Heap after GC invocations=8 (full 0):
 garbage-first heap   total 40960K, used 16233K [0x00000000c3a00000, 0x0000000100000000)
  region size 1024K, 3 young (3072K), 3 survivors (3072K)
 Metaspace       used 32642K, committed 33152K, reserved 1081344K
  class space    used 4194K, committed 4416K, reserved 1048576K
}
Event: 7.248 GC heap before
{Heap before GC invocations=8 (full 0):
 garbage-first heap   total 40960K, used 30569K [0x00000000c3a00000, 0x0000000100000000)
  region size 1024K, 17 young (17408K), 3 survivors (3072K)
 Metaspace       used 35723K, committed 36160K, reserved 1081344K
  class space    used 4604K, committed 4800K, reserved 1048576K
}
Event: 7.251 GC heap after
{Heap after GC invocations=9 (full 0):
 garbage-first heap   total 40960K, used 17849K [0x00000000c3a00000, 0x0000000100000000)
  region size 1024K, 2 young (2048K), 2 survivors (2048K)
 Metaspace       used 35723K, committed 36160K, reserved 1081344K
  class space    used 4604K, committed 4800K, reserved 1048576K
}
Event: 7.256 GC heap before
{Heap before GC invocations=9 (full 0):
 garbage-first heap   total 40960K, used 17849K [0x00000000c3a00000, 0x0000000100000000)
  region size 1024K, 3 young (3072K), 2 survivors (2048K)
 Metaspace       used 35776K, committed 36160K, reserved 1081344K
  class space    used 4614K, committed 4800K, reserved 1048576K
}
Event: 7.258 GC heap after
{Heap after GC invocations=10 (full 0):
 garbage-first heap   total 40960K, used 18143K [0x00000000c3a00000, 0x0000000100000000)
  region size 1024K, 1 young (1024K), 1 survivors (1024K)
 Metaspace       used 35776K, committed 36160K, reserved 1081344K
  class space    used 4614K, committed 4800K, reserved 1048576K
}
Event: 7.644 GC heap before
{Heap before GC invocations=11 (full 0):
 garbage-first heap   total 40960K, used 31455K [0x00000000c3a00000, 0x0000000100000000)
  region size 1024K, 14 young (14336K), 1 survivors (1024K)
 Metaspace       used 38668K, committed 39168K, reserved 1089536K
  class space    used 5016K, committed 5248K, reserved 1048576K
}
Event: 7.647 GC heap after
{Heap after GC invocations=12 (full 0):
 garbage-first heap   total 40960K, used 19352K [0x00000000c3a00000, 0x0000000100000000)
  region size 1024K, 2 young (2048K), 2 survivors (2048K)
 Metaspace       used 38668K, committed 39168K, reserved 1089536K
  class space    used 5016K, committed 5248K, reserved 1048576K
}
Event: 13.536 GC heap before
{Heap before GC invocations=13 (full 0):
 garbage-first heap   total 40960K, used 30616K [0x00000000c3a00000, 0x0000000100000000)
  region size 1024K, 14 young (14336K), 2 survivors (2048K)
 Metaspace       used 41442K, committed 41920K, reserved 1089536K
  class space    used 5350K, committed 5568K, reserved 1048576K
}
Event: 13.541 GC heap after
{Heap after GC invocations=14 (full 0):
 garbage-first heap   total 40960K, used 20201K [0x00000000c3a00000, 0x0000000100000000)
  region size 1024K, 2 young (2048K), 2 survivors (2048K)
 Metaspace       used 41442K, committed 41920K, reserved 1089536K
  class space    used 5350K, committed 5568K, reserved 1048576K
}
Event: 44.279 GC heap before
{Heap before GC invocations=14 (full 0):
 garbage-first heap   total 40960K, used 31465K [0x00000000c3a00000, 0x0000000100000000)
  region size 1024K, 13 young (13312K), 2 survivors (2048K)
 Metaspace       used 43831K, committed 44288K, reserved 1089536K
  class space    used 5651K, committed 5888K, reserved 1048576K
}
Event: 44.292 GC heap after
{Heap after GC invocations=15 (full 0):
 garbage-first heap   total 40960K, used 20973K [0x00000000c3a00000, 0x0000000100000000)
  region size 1024K, 2 young (2048K), 2 survivors (2048K)
 Metaspace       used 43831K, committed 44288K, reserved 1089536K
  class space    used 5651K, committed 5888K, reserved 1048576K
}

